<?xml version="1.0" encoding="UTF-8"?>
<testng-results ignored="0" total="1" passed="1" failed="0" skipped="0">
  <reporter-output>
  </reporter-output>
  <suite started-at="2024-05-01T18:09:22 IST" name="Regression" finished-at="2024-05-01T18:09:56 IST" duration-ms="33539">
    <groups>
    </groups>
    <test started-at="2024-05-01T18:09:22 IST" name="Test" finished-at="2024-05-01T18:09:56 IST" duration-ms="33539">
      <class name="com.PostAJob.TC001_Verify_The_Job_Posting_Functionality_With_Different_Scenarios">
        <test-method is-config="true" signature="open_Browser_And_Navigate_To_Vtiger_Url_And_Login_To_Application()[pri:0, instance:com.PostAJob.TC001_Verify_The_Job_Posting_Functionality_With_Different_Scenarios@2892d68]" started-at="2024-05-01T18:09:22 IST" name="open_Browser_And_Navigate_To_Vtiger_Url_And_Login_To_Application" finished-at="2024-05-01T18:09:27 IST" duration-ms="4364" status="PASS">
          <reporter-output>
          </reporter-output>
        </test-method> <!-- open_Browser_And_Navigate_To_Vtiger_Url_And_Login_To_Application -->
        <test-method signature="Post_A_Job()[pri:0, instance:com.PostAJob.TC001_Verify_The_Job_Posting_Functionality_With_Different_Scenarios@2892d68]" started-at="2024-05-01T18:09:27 IST" name="Post_A_Job" finished-at="2024-05-01T18:09:56 IST" duration-ms="28987" status="PASS">
          <reporter-output>
          </reporter-output>
        </test-method> <!-- Post_A_Job -->
        <test-method is-config="true" signature="close_browser()[pri:0, instance:com.PostAJob.TC001_Verify_The_Job_Posting_Functionality_With_Different_Scenarios@2892d68]" started-at="2024-05-01T18:09:56 IST" name="close_browser" finished-at="2024-05-01T18:09:56 IST" duration-ms="156" status="PASS">
          <reporter-output>
          </reporter-output>
        </test-method> <!-- close_browser -->
      </class> <!-- com.PostAJob.TC001_Verify_The_Job_Posting_Functionality_With_Different_Scenarios -->
    </test> <!-- Test -->
  </suite> <!-- Regression -->
</testng-results>
